mode: set
github.com/iotyak/k8s-proxy-api/internal/auth/check.go:10.58,11.16 1 1
github.com/iotyak/k8s-proxy-api/internal/auth/check.go:11.16,13.3 1 1
github.com/iotyak/k8s-proxy-api/internal/auth/check.go:14.2,14.65 1 1
github.com/iotyak/k8s-proxy-api/internal/auth/check.go:17.58,18.37 1 0
github.com/iotyak/k8s-proxy-api/internal/auth/check.go:18.37,20.3 1 0
github.com/iotyak/k8s-proxy-api/internal/auth/check.go:21.2,21.40 1 0
github.com/iotyak/k8s-proxy-api/internal/k8sclient/client.go:12.49,17.26 4 1
github.com/iotyak/k8s-proxy-api/internal/k8sclient/client.go:17.26,19.17 2 1
github.com/iotyak/k8s-proxy-api/internal/k8sclient/client.go:19.17,21.4 1 0
github.com/iotyak/k8s-proxy-api/internal/k8sclient/client.go:22.8,24.17 2 0
github.com/iotyak/k8s-proxy-api/internal/k8sclient/client.go:24.17,26.4 1 0
github.com/iotyak/k8s-proxy-api/internal/k8sclient/client.go:29.2,30.16 2 1
github.com/iotyak/k8s-proxy-api/internal/k8sclient/client.go:30.16,32.3 1 0
github.com/iotyak/k8s-proxy-api/internal/k8sclient/client.go:34.2,34.23 1 1
github.com/iotyak/k8s-proxy-api/main.go:80.56,81.71 1 0
github.com/iotyak/k8s-proxy-api/main.go:81.71,86.3 4 0
github.com/iotyak/k8s-proxy-api/main.go:89.107,90.25 1 0
github.com/iotyak/k8s-proxy-api/main.go:90.25,91.26 1 0
github.com/iotyak/k8s-proxy-api/main.go:91.26,93.4 1 0
github.com/iotyak/k8s-proxy-api/main.go:94.3,94.62 1 0
github.com/iotyak/k8s-proxy-api/main.go:97.2,97.89 1 0
github.com/iotyak/k8s-proxy-api/main.go:100.97,102.27 2 0
github.com/iotyak/k8s-proxy-api/main.go:102.27,104.3 1 0
github.com/iotyak/k8s-proxy-api/main.go:105.2,105.28 1 0
github.com/iotyak/k8s-proxy-api/main.go:108.90,110.27 2 0
github.com/iotyak/k8s-proxy-api/main.go:110.27,112.3 1 0
github.com/iotyak/k8s-proxy-api/main.go:113.2,113.29 1 0
github.com/iotyak/k8s-proxy-api/main.go:113.29,114.38 1 0
github.com/iotyak/k8s-proxy-api/main.go:114.38,116.4 1 0
github.com/iotyak/k8s-proxy-api/main.go:118.2,118.37 1 0
github.com/iotyak/k8s-proxy-api/main.go:121.169,127.16 2 0
github.com/iotyak/k8s-proxy-api/main.go:127.16,128.32 1 0
github.com/iotyak/k8s-proxy-api/main.go:128.32,130.28 2 0
github.com/iotyak/k8s-proxy-api/main.go:130.28,132.5 1 0
github.com/iotyak/k8s-proxy-api/main.go:133.4,134.21 2 0
github.com/iotyak/k8s-proxy-api/main.go:137.3,138.27 2 0
github.com/iotyak/k8s-proxy-api/main.go:138.27,140.4 1 0
github.com/iotyak/k8s-proxy-api/main.go:141.3,142.20 2 0
github.com/iotyak/k8s-proxy-api/main.go:145.2,146.39 2 0
github.com/iotyak/k8s-proxy-api/main.go:146.39,154.27 2 0
github.com/iotyak/k8s-proxy-api/main.go:154.27,156.4 1 0
github.com/iotyak/k8s-proxy-api/main.go:157.3,158.20 2 0
github.com/iotyak/k8s-proxy-api/main.go:161.2,161.18 1 0
github.com/iotyak/k8s-proxy-api/main.go:164.103,165.37 1 0
github.com/iotyak/k8s-proxy-api/main.go:165.37,166.28 1 0
github.com/iotyak/k8s-proxy-api/main.go:166.28,168.4 1 0
github.com/iotyak/k8s-proxy-api/main.go:170.2,170.39 1 0
github.com/iotyak/k8s-proxy-api/main.go:173.145,174.25 1 0
github.com/iotyak/k8s-proxy-api/main.go:174.25,176.26 2 0
github.com/iotyak/k8s-proxy-api/main.go:176.26,178.4 1 0
github.com/iotyak/k8s-proxy-api/main.go:179.3,179.90 1 0
github.com/iotyak/k8s-proxy-api/main.go:182.2,183.16 2 0
github.com/iotyak/k8s-proxy-api/main.go:183.16,184.32 1 0
github.com/iotyak/k8s-proxy-api/main.go:184.32,186.4 1 0
github.com/iotyak/k8s-proxy-api/main.go:187.3,187.153 1 0
github.com/iotyak/k8s-proxy-api/main.go:190.2,190.35 1 0
github.com/iotyak/k8s-proxy-api/main.go:190.35,192.3 1 0
github.com/iotyak/k8s-proxy-api/main.go:194.2,195.9 2 0
github.com/iotyak/k8s-proxy-api/main.go:195.9,197.3 1 0
github.com/iotyak/k8s-proxy-api/main.go:199.2,200.16 2 0
github.com/iotyak/k8s-proxy-api/main.go:200.16,201.32 1 0
github.com/iotyak/k8s-proxy-api/main.go:201.32,203.4 1 0
github.com/iotyak/k8s-proxy-api/main.go:204.3,204.179 1 0
github.com/iotyak/k8s-proxy-api/main.go:207.2,207.34 1 0
github.com/iotyak/k8s-proxy-api/main.go:207.34,209.3 1 0
github.com/iotyak/k8s-proxy-api/main.go:211.2,212.9 2 0
github.com/iotyak/k8s-proxy-api/main.go:212.9,214.3 1 0
github.com/iotyak/k8s-proxy-api/main.go:216.2,217.16 2 0
github.com/iotyak/k8s-proxy-api/main.go:217.16,218.32 1 0
github.com/iotyak/k8s-proxy-api/main.go:218.32,220.4 1 0
github.com/iotyak/k8s-proxy-api/main.go:221.3,221.171 1 0
github.com/iotyak/k8s-proxy-api/main.go:224.2,224.36 1 0
github.com/iotyak/k8s-proxy-api/main.go:227.117,228.25 1 0
github.com/iotyak/k8s-proxy-api/main.go:228.25,230.26 2 0
github.com/iotyak/k8s-proxy-api/main.go:230.26,232.4 1 0
github.com/iotyak/k8s-proxy-api/main.go:233.3,233.77 1 0
github.com/iotyak/k8s-proxy-api/main.go:236.2,237.16 2 0
github.com/iotyak/k8s-proxy-api/main.go:237.16,238.32 1 0
github.com/iotyak/k8s-proxy-api/main.go:238.32,240.4 1 0
github.com/iotyak/k8s-proxy-api/main.go:241.3,241.152 1 0
github.com/iotyak/k8s-proxy-api/main.go:243.2,248.46 4 0
github.com/iotyak/k8s-proxy-api/main.go:248.46,250.3 1 0
github.com/iotyak/k8s-proxy-api/main.go:252.2,252.12 1 0
github.com/iotyak/k8s-proxy-api/main.go:255.147,256.25 1 0
github.com/iotyak/k8s-proxy-api/main.go:256.25,258.26 2 0
github.com/iotyak/k8s-proxy-api/main.go:258.26,260.4 1 0
github.com/iotyak/k8s-proxy-api/main.go:261.3,261.86 1 0
github.com/iotyak/k8s-proxy-api/main.go:264.2,265.16 2 0
github.com/iotyak/k8s-proxy-api/main.go:265.16,271.3 1 0
github.com/iotyak/k8s-proxy-api/main.go:273.2,274.16 2 0
github.com/iotyak/k8s-proxy-api/main.go:274.16,280.3 1 0
github.com/iotyak/k8s-proxy-api/main.go:282.2,283.31 2 0
github.com/iotyak/k8s-proxy-api/main.go:283.31,285.41 2 0
github.com/iotyak/k8s-proxy-api/main.go:285.41,292.4 1 0
github.com/iotyak/k8s-proxy-api/main.go:294.3,297.49 4 0
github.com/iotyak/k8s-proxy-api/main.go:297.49,298.16 1 0
github.com/iotyak/k8s-proxy-api/main.go:298.16,300.5 1 0
github.com/iotyak/k8s-proxy-api/main.go:301.4,306.6 2 0
github.com/iotyak/k8s-proxy-api/main.go:309.3,318.5 1 0
github.com/iotyak/k8s-proxy-api/main.go:321.2,321.36 1 0
github.com/iotyak/k8s-proxy-api/main.go:324.64,328.2 3 0
github.com/iotyak/k8s-proxy-api/main.go:330.68,332.2 1 0
github.com/iotyak/k8s-proxy-api/main.go:334.53,335.34 1 1
github.com/iotyak/k8s-proxy-api/main.go:335.34,337.3 1 0
github.com/iotyak/k8s-proxy-api/main.go:338.2,338.34 1 1
github.com/iotyak/k8s-proxy-api/main.go:338.34,340.3 1 1
github.com/iotyak/k8s-proxy-api/main.go:341.2,341.51 1 1
github.com/iotyak/k8s-proxy-api/main.go:341.51,343.3 1 1
github.com/iotyak/k8s-proxy-api/main.go:345.2,346.39 2 1
github.com/iotyak/k8s-proxy-api/main.go:346.39,348.3 1 0
github.com/iotyak/k8s-proxy-api/main.go:349.2,349.26 1 1
github.com/iotyak/k8s-proxy-api/main.go:349.26,350.39 1 1
github.com/iotyak/k8s-proxy-api/main.go:350.39,352.4 1 0
github.com/iotyak/k8s-proxy-api/main.go:355.2,355.19 1 1
github.com/iotyak/k8s-proxy-api/main.go:358.62,360.16 2 0
github.com/iotyak/k8s-proxy-api/main.go:360.16,362.3 1 0
github.com/iotyak/k8s-proxy-api/main.go:363.2,363.61 1 0
github.com/iotyak/k8s-proxy-api/main.go:363.61,365.3 1 0
github.com/iotyak/k8s-proxy-api/main.go:367.2,368.49 2 0
github.com/iotyak/k8s-proxy-api/main.go:368.49,374.55 5 0
github.com/iotyak/k8s-proxy-api/main.go:374.55,382.4 1 0
github.com/iotyak/k8s-proxy-api/main.go:383.3,383.45 1 0
github.com/iotyak/k8s-proxy-api/main.go:383.45,389.4 1 0
github.com/iotyak/k8s-proxy-api/main.go:391.3,394.10 1 0
github.com/iotyak/k8s-proxy-api/main.go:397.2,397.124 1 0
github.com/iotyak/k8s-proxy-api/main.go:397.124,403.3 1 0
github.com/iotyak/k8s-proxy-api/main.go:405.2,405.32 1 0
github.com/iotyak/k8s-proxy-api/main.go:408.77,412.9 2 0
github.com/iotyak/k8s-proxy-api/main.go:412.9,415.3 2 0
github.com/iotyak/k8s-proxy-api/main.go:417.2,417.20 1 0
github.com/iotyak/k8s-proxy-api/main.go:418.20,419.98 1 0
github.com/iotyak/k8s-proxy-api/main.go:421.17,422.33 1 0
github.com/iotyak/k8s-proxy-api/main.go:422.33,425.4 2 0
github.com/iotyak/k8s-proxy-api/main.go:427.3,428.22 2 0
github.com/iotyak/k8s-proxy-api/main.go:428.22,434.21 2 0
github.com/iotyak/k8s-proxy-api/main.go:434.21,436.5 1 0
github.com/iotyak/k8s-proxy-api/main.go:437.4,437.28 1 0
github.com/iotyak/k8s-proxy-api/main.go:437.28,439.5 1 0
github.com/iotyak/k8s-proxy-api/main.go:440.4,441.10 2 0
github.com/iotyak/k8s-proxy-api/main.go:444.3,446.40 2 0
github.com/iotyak/k8s-proxy-api/main.go:446.40,457.4 2 0
github.com/iotyak/k8s-proxy-api/main.go:459.3,459.83 1 0
github.com/iotyak/k8s-proxy-api/main.go:459.83,468.4 2 0
github.com/iotyak/k8s-proxy-api/main.go:470.17,471.33 1 0
github.com/iotyak/k8s-proxy-api/main.go:471.33,474.4 2 0
github.com/iotyak/k8s-proxy-api/main.go:476.3,477.10 2 0
github.com/iotyak/k8s-proxy-api/main.go:477.10,479.4 1 0
github.com/iotyak/k8s-proxy-api/main.go:481.3,484.22 3 0
github.com/iotyak/k8s-proxy-api/main.go:484.22,491.4 2 0
github.com/iotyak/k8s-proxy-api/main.go:493.3,502.5 1 0
github.com/iotyak/k8s-proxy-api/main.go:504.10,505.63 1 0
github.com/iotyak/k8s-proxy-api/main.go:509.13,512.16 3 0
github.com/iotyak/k8s-proxy-api/main.go:512.16,515.3 2 0
github.com/iotyak/k8s-proxy-api/main.go:516.2,525.72 5 0
github.com/iotyak/k8s-proxy-api/main.go:525.72,526.59 1 0
github.com/iotyak/k8s-proxy-api/main.go:526.59,529.57 1 0
github.com/iotyak/k8s-proxy-api/main.go:529.57,532.5 2 0
github.com/iotyak/k8s-proxy-api/main.go:534.3,534.22 1 0
github.com/iotyak/k8s-proxy-api/main.go:537.2,539.75 3 0
github.com/iotyak/k8s-proxy-api/main.go:539.75,541.3 1 0
github.com/iotyak/k8s-proxy-api/internal/handlers/health.go:13.60,17.2 3 1
github.com/iotyak/k8s-proxy-api/internal/handlers/logs.go:20.195,21.28 1 1
github.com/iotyak/k8s-proxy-api/internal/handlers/logs.go:21.28,23.3 1 0
github.com/iotyak/k8s-proxy-api/internal/handlers/logs.go:25.2,25.54 1 1
github.com/iotyak/k8s-proxy-api/internal/handlers/logs.go:25.54,26.33 1 1
github.com/iotyak/k8s-proxy-api/internal/handlers/logs.go:26.33,29.4 2 0
github.com/iotyak/k8s-proxy-api/internal/handlers/logs.go:31.3,32.149 2 1
github.com/iotyak/k8s-proxy-api/internal/handlers/logs.go:32.149,35.4 2 1
github.com/iotyak/k8s-proxy-api/internal/handlers/logs.go:37.3,41.22 4 1
github.com/iotyak/k8s-proxy-api/internal/handlers/logs.go:41.22,43.28 2 0
github.com/iotyak/k8s-proxy-api/internal/handlers/logs.go:43.28,45.5 1 0
github.com/iotyak/k8s-proxy-api/internal/handlers/logs.go:46.4,47.10 2 0
github.com/iotyak/k8s-proxy-api/internal/handlers/logs.go:50.3,50.40 1 1
github.com/iotyak/k8s-proxy-api/internal/handlers/logs.go:50.40,62.4 2 1
github.com/iotyak/k8s-proxy-api/internal/handlers/logs.go:64.3,64.105 1 1
github.com/iotyak/k8s-proxy-api/internal/handlers/logs.go:64.105,72.4 1 0
github.com/iotyak/k8s-proxy-api/internal/handlers/logs.go:76.98,78.27 2 0
github.com/iotyak/k8s-proxy-api/internal/handlers/logs.go:78.27,80.3 1 0
github.com/iotyak/k8s-proxy-api/internal/handlers/logs.go:81.2,81.37 1 0
github.com/iotyak/k8s-proxy-api/internal/handlers/logs.go:81.37,83.3 1 0
github.com/iotyak/k8s-proxy-api/internal/handlers/logs.go:84.2,84.37 1 0
github.com/iotyak/k8s-proxy-api/internal/handlers/logs.go:87.103,88.37 1 1
github.com/iotyak/k8s-proxy-api/internal/handlers/logs.go:88.37,89.28 1 1
github.com/iotyak/k8s-proxy-api/internal/handlers/logs.go:89.28,91.4 1 1
github.com/iotyak/k8s-proxy-api/internal/handlers/logs.go:93.2,93.39 1 0
github.com/iotyak/k8s-proxy-api/internal/handlers/logs.go:96.177,97.23 1 1
github.com/iotyak/k8s-proxy-api/internal/handlers/logs.go:97.23,99.24 2 0
github.com/iotyak/k8s-proxy-api/internal/handlers/logs.go:99.24,101.4 1 0
github.com/iotyak/k8s-proxy-api/internal/handlers/logs.go:102.3,102.99 1 0
github.com/iotyak/k8s-proxy-api/internal/handlers/logs.go:105.2,106.16 2 1
github.com/iotyak/k8s-proxy-api/internal/handlers/logs.go:106.16,107.32 1 0
github.com/iotyak/k8s-proxy-api/internal/handlers/logs.go:107.32,109.4 1 0
github.com/iotyak/k8s-proxy-api/internal/handlers/logs.go:110.3,110.162 1 0
github.com/iotyak/k8s-proxy-api/internal/handlers/logs.go:113.2,113.35 1 1
github.com/iotyak/k8s-proxy-api/internal/handlers/logs.go:113.35,115.3 1 0
github.com/iotyak/k8s-proxy-api/internal/handlers/logs.go:117.2,118.9 2 1
github.com/iotyak/k8s-proxy-api/internal/handlers/logs.go:118.9,120.3 1 0
github.com/iotyak/k8s-proxy-api/internal/handlers/logs.go:122.2,123.16 2 1
github.com/iotyak/k8s-proxy-api/internal/handlers/logs.go:123.16,124.32 1 0
github.com/iotyak/k8s-proxy-api/internal/handlers/logs.go:124.32,126.4 1 0
github.com/iotyak/k8s-proxy-api/internal/handlers/logs.go:127.3,127.183 1 0
github.com/iotyak/k8s-proxy-api/internal/handlers/logs.go:130.2,130.34 1 1
github.com/iotyak/k8s-proxy-api/internal/handlers/logs.go:130.34,132.3 1 0
github.com/iotyak/k8s-proxy-api/internal/handlers/logs.go:134.2,135.9 2 1
github.com/iotyak/k8s-proxy-api/internal/handlers/logs.go:135.9,137.3 1 0
github.com/iotyak/k8s-proxy-api/internal/handlers/logs.go:139.2,140.16 2 1
github.com/iotyak/k8s-proxy-api/internal/handlers/logs.go:140.16,141.32 1 0
github.com/iotyak/k8s-proxy-api/internal/handlers/logs.go:141.32,143.4 1 0
github.com/iotyak/k8s-proxy-api/internal/handlers/logs.go:144.3,144.175 1 0
github.com/iotyak/k8s-proxy-api/internal/handlers/logs.go:147.2,147.36 1 1
github.com/iotyak/k8s-proxy-api/internal/handlers/logs.go:150.208,151.23 1 1
github.com/iotyak/k8s-proxy-api/internal/handlers/logs.go:151.23,153.24 2 0
github.com/iotyak/k8s-proxy-api/internal/handlers/logs.go:153.24,155.4 1 0
github.com/iotyak/k8s-proxy-api/internal/handlers/logs.go:156.3,156.81 1 0
github.com/iotyak/k8s-proxy-api/internal/handlers/logs.go:159.2,159.26 1 1
github.com/iotyak/k8s-proxy-api/internal/handlers/logs.go:159.26,160.63 1 0
github.com/iotyak/k8s-proxy-api/internal/handlers/logs.go:160.63,162.4 1 0
github.com/iotyak/k8s-proxy-api/internal/handlers/logs.go:165.2,166.16 2 1
github.com/iotyak/k8s-proxy-api/internal/handlers/logs.go:166.16,167.32 1 0
github.com/iotyak/k8s-proxy-api/internal/handlers/logs.go:167.32,169.4 1 0
github.com/iotyak/k8s-proxy-api/internal/handlers/logs.go:170.3,170.156 1 0
github.com/iotyak/k8s-proxy-api/internal/handlers/logs.go:172.2,178.12 5 1
github.com/iotyak/k8s-proxy-api/internal/handlers/restart.go:24.161,25.28 1 1
github.com/iotyak/k8s-proxy-api/internal/handlers/restart.go:25.28,27.3 1 0
github.com/iotyak/k8s-proxy-api/internal/handlers/restart.go:28.2,28.16 1 1
github.com/iotyak/k8s-proxy-api/internal/handlers/restart.go:28.16,30.3 1 0
github.com/iotyak/k8s-proxy-api/internal/handlers/restart.go:32.2,32.54 1 1
github.com/iotyak/k8s-proxy-api/internal/handlers/restart.go:32.54,33.34 1 1
github.com/iotyak/k8s-proxy-api/internal/handlers/restart.go:33.34,36.4 2 0
github.com/iotyak/k8s-proxy-api/internal/handlers/restart.go:38.3,39.159 2 1
github.com/iotyak/k8s-proxy-api/internal/handlers/restart.go:39.159,42.4 2 1
github.com/iotyak/k8s-proxy-api/internal/handlers/restart.go:44.3,48.10 4 1
github.com/iotyak/k8s-proxy-api/internal/handlers/restart.go:48.10,50.4 1 1
github.com/iotyak/k8s-proxy-api/internal/handlers/restart.go:52.3,62.17 3 1
github.com/iotyak/k8s-proxy-api/internal/handlers/restart.go:62.17,65.4 2 0
github.com/iotyak/k8s-proxy-api/internal/handlers/restart.go:67.3,67.158 1 1
github.com/iotyak/k8s-proxy-api/internal/handlers/restart.go:67.158,70.4 2 0
github.com/iotyak/k8s-proxy-api/internal/handlers/restart.go:72.3,82.5 1 1
github.com/iotyak/k8s-proxy-api/internal/handlers/restart.go:86.171,87.23 1 1
github.com/iotyak/k8s-proxy-api/internal/handlers/restart.go:87.23,89.24 2 0
github.com/iotyak/k8s-proxy-api/internal/handlers/restart.go:89.24,91.4 1 0
github.com/iotyak/k8s-proxy-api/internal/handlers/restart.go:92.3,93.20 2 0
github.com/iotyak/k8s-proxy-api/internal/handlers/restart.go:96.2,97.16 2 1
github.com/iotyak/k8s-proxy-api/internal/handlers/restart.go:97.16,98.32 1 0
github.com/iotyak/k8s-proxy-api/internal/handlers/restart.go:98.32,101.4 2 0
github.com/iotyak/k8s-proxy-api/internal/handlers/restart.go:102.3,103.20 2 0
github.com/iotyak/k8s-proxy-api/internal/handlers/restart.go:106.2,106.39 1 1
github.com/iotyak/k8s-proxy-api/internal/handlers/restart.go:106.39,109.3 2 1
github.com/iotyak/k8s-proxy-api/internal/handlers/restart.go:111.2,111.18 1 1
github.com/iotyak/k8s-proxy-api/internal/handlers/restart.go:114.64,118.2 3 1
github.com/iotyak/k8s-proxy-api/internal/handlers/restart.go:120.55,121.34 1 0
github.com/iotyak/k8s-proxy-api/internal/handlers/restart.go:121.34,123.3 1 0
github.com/iotyak/k8s-proxy-api/internal/handlers/restart.go:124.2,126.34 3 0
github.com/iotyak/k8s-proxy-api/internal/handlers/restart.go:126.34,127.39 1 0
github.com/iotyak/k8s-proxy-api/internal/handlers/restart.go:127.39,128.18 1 0
github.com/iotyak/k8s-proxy-api/internal/handlers/restart.go:128.18,130.5 1 0
github.com/iotyak/k8s-proxy-api/internal/handlers/restart.go:131.4,132.17 2 0
github.com/iotyak/k8s-proxy-api/internal/handlers/restart.go:135.2,135.19 1 0
github.com/iotyak/k8s-proxy-api/internal/handlers/status.go:20.138,21.28 1 1
github.com/iotyak/k8s-proxy-api/internal/handlers/status.go:21.28,23.3 1 0
github.com/iotyak/k8s-proxy-api/internal/handlers/status.go:25.2,25.54 1 1
github.com/iotyak/k8s-proxy-api/internal/handlers/status.go:25.54,26.33 1 1
github.com/iotyak/k8s-proxy-api/internal/handlers/status.go:26.33,29.4 2 0
github.com/iotyak/k8s-proxy-api/internal/handlers/status.go:31.3,32.180 2 1
github.com/iotyak/k8s-proxy-api/internal/handlers/status.go:32.180,35.4 2 1
github.com/iotyak/k8s-proxy-api/internal/handlers/status.go:37.3,41.10 4 1
github.com/iotyak/k8s-proxy-api/internal/handlers/status.go:41.10,43.4 1 1
github.com/iotyak/k8s-proxy-api/internal/handlers/status.go:45.3,46.22 2 1
github.com/iotyak/k8s-proxy-api/internal/handlers/status.go:46.22,53.4 2 0
github.com/iotyak/k8s-proxy-api/internal/handlers/status.go:55.3,62.5 1 1
github.com/iotyak/k8s-proxy-api/internal/handlers/status.go:66.183,67.23 1 1
github.com/iotyak/k8s-proxy-api/internal/handlers/status.go:67.23,69.24 2 0
github.com/iotyak/k8s-proxy-api/internal/handlers/status.go:69.24,71.4 1 0
github.com/iotyak/k8s-proxy-api/internal/handlers/status.go:72.3,72.90 1 0
github.com/iotyak/k8s-proxy-api/internal/handlers/status.go:75.2,76.16 2 1
github.com/iotyak/k8s-proxy-api/internal/handlers/status.go:76.16,78.3 1 0
github.com/iotyak/k8s-proxy-api/internal/handlers/status.go:80.2,81.16 2 1
github.com/iotyak/k8s-proxy-api/internal/handlers/status.go:81.16,83.3 1 0
github.com/iotyak/k8s-proxy-api/internal/handlers/status.go:85.2,86.31 2 1
github.com/iotyak/k8s-proxy-api/internal/handlers/status.go:86.31,89.49 3 1
github.com/iotyak/k8s-proxy-api/internal/handlers/status.go:89.49,90.16 1 1
github.com/iotyak/k8s-proxy-api/internal/handlers/status.go:90.16,92.5 1 1
github.com/iotyak/k8s-proxy-api/internal/handlers/status.go:93.4,93.35 1 1
github.com/iotyak/k8s-proxy-api/internal/handlers/status.go:96.3,102.5 1 1
github.com/iotyak/k8s-proxy-api/internal/handlers/status.go:105.2,105.36 1 1
